<?xml version="1.0" encoding="UTF-8"?>
<testng-results skipped="0" failed="0" ignored="0" total="1" passed="1">
  <reporter-output>
  </reporter-output>
  <suite name="Default suite" duration-ms="91317" started-at="2019-12-25T10:46:15Z" finished-at="2019-12-25T10:47:46Z">
    <groups>
    </groups>
    <test name="Default test" duration-ms="91317" started-at="2019-12-25T10:46:15Z" finished-at="2019-12-25T10:47:46Z">
      <class name="testCases.WriteReviewInTripAdvisor">
        <test-method status="PASS" signature="init()[pri:0, instance:testCases.WriteReviewInTripAdvisor@59f99ea]" name="init" is-config="true" duration-ms="6698" started-at="2019-12-25T10:46:15Z" finished-at="2019-12-25T10:46:22Z">
          <reporter-output>
          </reporter-output>
        </test-method> <!-- init -->
        <test-method status="PASS" signature="WriteReview()[pri:0, instance:testCases.WriteReviewInTripAdvisor@59f99ea]" name="WriteReview" duration-ms="84572" started-at="2019-12-25T10:46:22Z" finished-at="2019-12-25T10:47:46Z">
          <reporter-output>
          </reporter-output>
        </test-method> <!-- WriteReview -->
      </class> <!-- testCases.WriteReviewInTripAdvisor -->
    </test> <!-- Default test -->
  </suite> <!-- Default suite -->
</testng-results>
